[02-Jun-2025 05:45:49 Europe/Berlin] Raw POST data: 
[02-Jun-2025 05:45:49 Europe/Berlin] POST array: Array
(
    [name] => Prabhakaran S
    [email] => viperprabhakaran@gmail.com
    [company] => thrive boost
    [phone] => +916383786437
    [bag_types] => Array
        (
            [0] => Plain
        )

    [width] => 30
    [height] => 30
    [thickness] => 40
    [quantity] => 500-1000
    [requirements] => 
)

[02-Jun-2025 05:45:49 Europe/Berlin] FILES array: Array
(
)

[02-Jun-2025 05:45:49 Europe/Berlin] Processed data: Array
(
    [name] => Prabhakaran S
    [email] => viperprabhakaran@gmail.com
    [company] => thrive boost
    [phone] => +916383786437
    [bag_types] => Plain
    [width] => 30
    [height] => 30
    [thickness] => 40
    [quantity] => 500-1000
    [requirements] => 
)

[02-Jun-2025 05:45:49 Europe/Berlin] SQL statement: INSERT INTO custom_orders (name, email, company, phone, bag_types, width, height, thickness, quantity, requirements, status) 
            VALUES (?, ?, ?, ?, ?, ?, ?, ?, ?, ?, 'pending')
[02-Jun-2025 05:45:49 Europe/Berlin] Order inserted successfully with ID: 1
